<?xml version="1.0" encoding="UTF-8"?>
<!-- Generated by org.testng.reporters.JUnitReportReporter -->
<testsuite hostname="DESKTOP-15IHNIV" failures="0" tests="3" name="test_cases.tc9_groupshelperattribute" time="0.015" errors="0" timestamp="2022-07-15T17:07:58 IST" skipped="0">
  <testcase classname="test_cases.tc9_groupshelperattribute" name="bob" time="0.006"/>
  <system-out/>
  <testcase classname="test_cases.tc9_groupshelperattribute" name="ammu" time="0.003"/>
  <system-out/>
  <testcase classname="test_cases.tc9_groupshelperattribute" name="bindu" time="0.006"/>
  <system-out/>
</testsuite> <!-- test_cases.tc9_groupshelperattribute -->
