<?xml version="1.0" encoding="UTF-8"?>
<!-- Generated by org.testng.reporters.JUnitReportReporter -->
<testsuite hostname="DESKTOP-15IHNIV" failures="0" tests="2" name="Advanced_selenium.working_with_testng" time="0.017" errors="0" timestamp="2022-07-12T13:13:04 IST" skipped="0">
  <testcase classname="Advanced_selenium.working_with_testng" name="demo" time="0.015"/>
  <system-out/>
  <testcase classname="Advanced_selenium.working_with_testng" name="sample" time="0.002"/>
  <system-out/>
</testsuite> <!-- Advanced_selenium.working_with_testng -->
