<?xml version="1.0" encoding="UTF-8"?>
<!-- Generated by org.testng.reporters.JUnitReportReporter -->
<testsuite hostname="DESKTOP-15IHNIV" failures="0" tests="1" name="Advanced_selenium.workingwith_propertyfile" time="0.024" errors="0" timestamp="2022-07-15T11:36:14 IST" skipped="0">
  <testcase classname="Advanced_selenium.workingwith_propertyfile" name="read_data" time="0.024"/>
  <system-out/>
</testsuite> <!-- Advanced_selenium.workingwith_propertyfile -->
