<?xml version="1.0" encoding="UTF-8"?>
<!-- Generated by org.testng.reporters.JUnitReportReporter -->
<testsuite hostname="DESKTOP-15IHNIV" failures="0" tests="3" name="test_cases.tc9_helperattribute" time="0.019" errors="0" timestamp="2022-07-15T17:07:58 IST" skipped="0">
  <testcase classname="test_cases.tc9_helperattribute" name="bob" time="0.013"/>
  <system-out/>
  <testcase classname="test_cases.tc9_helperattribute" name="ammu" time="0.002"/>
  <system-out/>
  <testcase classname="test_cases.tc9_helperattribute" name="bindu" time="0.004"/>
  <system-out/>
</testsuite> <!-- test_cases.tc9_helperattribute -->
