<?xml version="1.0" encoding="UTF-8"?>
<!-- Generated by org.testng.reporters.JUnitReportReporter -->
<testsuite hostname="DESKTOP-15IHNIV" failures="0" tests="2" name="Advanced_selenium.working_with_cnfiguration_annotation" time="0.024" errors="0" timestamp="2022-07-14T15:44:47 IST" skipped="0">
  <testcase classname="Advanced_selenium.working_with_cnfiguration_annotation" name="sample" time="0.010"/>
  <system-out/>
  <testcase classname="Advanced_selenium.working_with_cnfiguration_annotation" name="demo" time="0.014"/>
  <system-out/>
</testsuite> <!-- Advanced_selenium.working_with_cnfiguration_annotation -->
