<?xml version="1.0" encoding="UTF-8"?>
<!-- Generated by org.testng.reporters.JUnitReportReporter -->
<testsuite hostname="DESKTOP-15IHNIV" failures="0" tests="4" name="test_cases.tc9_excludetag" time="0.020" errors="0" timestamp="2022-07-15T17:07:58 IST" skipped="0">
  <testcase classname="test_cases.tc9_excludetag" name="elf35" time="0.003"/>
  <system-out/>
  <testcase classname="test_cases.tc9_excludetag" name="elf38" time="0.001"/>
  <system-out/>
  <testcase classname="test_cases.tc9_excludetag" name="elf37" time="0.004"/>
  <system-out/>
  <testcase classname="test_cases.tc9_excludetag" name="elf36" time="0.012"/>
  <system-out/>
</testsuite> <!-- test_cases.tc9_excludetag -->
